DLBC.txt
20502
2 0 108 2.43174879258e-107
2 1 392 1.29786532239e-76
3 0 106 5.59843222712e-108
3 1 392 1.29786532239e-76
3 2 2 0.010426704906
4 0 33 6.69919990755e-19
4 1 392 1.29786532239e-76
4 2 2 0.010426704906
4 3 73 5.16427685434e-83
5 0 21 2.45749905066e-22
5 1 12 1.36332844179e-07
5 2 2 0.010426704906
5 3 73 5.16427685434e-83
5 4 392 1.29786532239e-76
6 0 12 1.36332844179e-07
6 1 392 1.29786532239e-76
6 2 2 0.010426704906
6 3 73 5.16427685434e-83
6 4 20 7.08007174966e-23
7 0 2 0.010426704906
7 1 392 1.29786532239e-76
7 2 11 9.09063063746e-08
7 3 73 5.16427685434e-83
7 4 20 7.08007174966e-23
8 0 392 1.29786532239e-76
8 1 20 7.08007174966e-23
8 2 11 9.09063063746e-08
8 3 73 5.16427685434e-83
9 0 20 7.08007174966e-23
9 1 73 5.16427685434e-83
9 2 11 9.09063063746e-08
9 3 91 2.87137955307e-29
9 8 301 4.01071496944e-46
KIRC.txt
20502
2 0 108 1.410660486e-39
2 1 392 2.41887651075e-103
3 0 98 4.21688022228e-32
3 1 392 2.41887651075e-103
3 2 10 8.34397194809e-07
4 0 96 5.70604505398e-33
4 1 392 2.41887651075e-103
4 2 10 8.34397194809e-07
4 3 2
5 0 61 9.29445296546e-23
5 1 35 5.78406847942e-15
5 2 10 8.34397194809e-07
5 3 2
5 4 392 2.41887651075e-103
6 0 35 5.78406847942e-15
6 1 392 2.41887651075e-103
6 2 10 8.34397194809e-07
6 3 2
6 4 3
6 5 58 3.22951584011e-23
7 0 10 8.34397194809e-07
7 1 392 2.41887651075e-103
7 2 34 3.04328365622e-14
7 3 2
7 4 3
7 5 58 3.22951584011e-23
8 0 392 2.41887651075e-103
8 1 8 2.78393126348e-07
8 2 34 3.04328365622e-14
8 3 2
8 4 3
8 5 58 3.22951584011e-23
8 7 2
9 0 390 6.07312433529e-102
9 1 8 2.78393126348e-07
9 2 34 3.04328365622e-14
9 3 2
9 4 3
9 5 58 3.22951584011e-23
9 7 2
9 8 2
PCPG.txt
20502
2 0 2
2 1 498 8.40821760865e-75
3 0 498 8.40821760865e-75
4 0 7
4 1 491 3.25268217768e-74
5 0 491 3.25268217768e-74
5 1 4
5 4 3 0.0241398787774
6 0 4
6 1 3 0.0241398787774
6 2 19 1.22999515156e-06
6 4 472 1.82800693269e-67
7 0 3 0.0241398787774
7 1 472 1.82800693269e-67
7 2 19 1.22999515156e-06
7 4 3
8 0 2
8 1 472 1.82800693269e-67
8 2 19 1.22999515156e-06
8 4 3
9 0 472 1.82800693269e-67
9 1 3
9 2 19 1.22999515156e-06
ACC.txt
20502
2 0 2
2 1 498 1.45217003781e-105
3 0 498 1.45217003781e-105
4 0 58 2.28395521859e-21
4 1 440 1.37204726604e-82
5 0 57 7.17341865746e-22
5 1 440 1.37204726604e-82
6 0 22 3.08367158612e-07
6 1 440 1.37204726604e-82
6 2 35 6.75882084744e-14
7 0 19 2.59473009848e-05
7 1 440 1.37204726604e-82
7 2 35 6.75882084744e-14
7 6 3 0.0241398787774
8 0 35 6.75882084744e-14
8 1 440 1.37204726604e-82
8 2 3 0.0241398787774
8 6 18 0.000152391395045
9 0 3 0.0241398787774
9 1 440 1.37204726604e-82
9 2 18 0.000152391395045
9 6 34 4.16552310538e-13
UCS.txt
20502
2 0 499 2.23922092988e-120
3 0 80 7.66284780958e-65
3 2 419 7.41359235737e-86
4 0 77 1.15961443883e-65
4 1 3 1.85122630147e-06
4 2 419 7.41359235737e-86
5 0 73 7.90927838164e-67
5 1 3 1.85122630147e-06
5 2 419 7.41359235737e-86
5 4 4 0.00689823027535
6 0 72 3.91015555984e-67
6 1 3 1.85122630147e-06
6 2 419 7.41359235737e-86
6 4 4 0.00689823027535
7 0 419 7.41359235737e-86
7 1 3 1.85122630147e-06
7 2 54 1.73007835554e-49
7 4 4 0.00689823027535
7 6 18 2.74011825948e-13
8 0 3 1.85122630147e-06
8 1 320 1.00594754876e-51
8 2 54 1.73007835554e-49
8 3 99 4.963716201e-34
8 4 4 0.00689823027535
8 6 18 2.74011825948e-13
9 0 54 1.73007835554e-49
9 1 320 1.00594754876e-51
9 2 18 2.74011825948e-13
9 3 99 4.963716201e-34
9 4 4 0.00689823027535
9 6 2 0.00421668213111
BLCA.txt
20502
2 0 70 5.23775774061e-35
2 1 430 3.65188303011e-118
3 0 68 7.37719785184e-35
3 1 430 3.65188303011e-118
3 2 2
4 0 65 1.89539234399e-35
4 1 430 3.65188303011e-118
4 2 2
4 3 3 1.85122630147e-06
5 0 2
5 1 430 3.65188303011e-118
5 2 61 4.01493941492e-32
5 3 3 1.85122630147e-06
5 4 4 8.24130295765e-06
6 0 61 4.01493941492e-32
6 1 430 3.65188303011e-118
6 3 3 1.85122630147e-06
6 4 4 8.24130295765e-06
7 0 57 8.0430261269e-29
7 1 430 3.65188303011e-118
7 2 4 0.00689823027535
7 3 3 1.85122630147e-06
7 4 4 8.24130295765e-06
8 0 430 3.65188303011e-118
8 1 55 2.94052720971e-30
8 2 4 0.00689823027535
8 3 3 1.85122630147e-06
8 4 4 8.24130295765e-06
8 7 2
9 0 4 0.00689823027535
9 1 55 2.94052720971e-30
9 2 153 2.41672774078e-74
9 3 277 4.057125704e-61
9 4 4 8.24130295765e-06
9 7 2
9 8 3 1.85122630147e-06
THCA.txt
20502
2 0 499 4.38348822011e-102
3 0 498 1.98463561172e-101
4 0 26 2.13010462381e-11
4 1 472 3.77919375286e-89
5 0 2
5 1 472 3.77919375286e-89
5 4 24 6.22652961073e-10
6 0 472 3.77919375286e-89
6 1 24 6.22652961073e-10
7 0 24 6.22652961073e-10
7 1 113 7.90162753269e-65
7 2 359 1.14651459225e-49
8 0 23 9.21999965177e-11
8 1 113 7.90162753269e-65
8 2 359 1.14651459225e-49
9 0 9 0.00832482350476
9 1 113 7.90162753269e-65
9 2 359 1.14651459225e-49
9 3 14 3.96984647302e-06
OV.txt
20502
2 0 491 7.42468038008e-121
2 1 9 0.00138767172386
3 0 9 0.00138767172386
3 1 170 4.28057263874e-67
3 2 321 5.10765233368e-54
4 0 2
4 1 170 4.28057263874e-67
4 2 321 5.10765233368e-54
4 3 7 0.00825931796015
5 0 170 4.28057263874e-67
5 1 7 0.00825931796015
5 2 321 5.10765233368e-54
6 0 146 2.02569662991e-57
6 1 7 0.00825931796015
6 2 24 1.98397595825e-17
6 5 321 5.10765233368e-54
7 0 24 1.98397595825e-17
7 1 7 0.00825931796015
7 2 145 6.47131695285e-58
7 5 321 5.10765233368e-54
8 0 5 0.000871465449439
8 1 7 0.00825931796015
8 2 145 6.47131695285e-58
8 3 19 3.78298430961e-19
8 5 321 5.10765233368e-54
9 0 7 0.00825931796015
9 1 19 3.78298430961e-19
9 2 145 6.47131695285e-58
9 3 4 0.00017571264369
9 5 321 5.10765233368e-54
UCEC.txt
20502
2 0 128 9.03250678731e-102
2 1 372 4.91856044228e-85
3 0 124 8.76633355253e-103
3 1 372 4.91856044228e-85
3 2 4 0.00689823027535
4 0 122 2.62698562062e-103
4 1 372 4.91856044228e-85
4 2 4 0.00689823027535
4 3 2
5 0 40 1.31148872267e-46
5 1 372 4.91856044228e-85
5 2 4 0.00689823027535
5 3 2
5 4 82 8.09576403851e-50
6 0 372 4.91856044228e-85
6 1 35 4.3355143064e-46
6 2 5 0.000766669478406
6 3 2
6 4 82 8.09576403851e-50
6 5 4 0.00689823027535
7 0 35 4.3355143064e-46
7 1 365 3.06852295363e-83
7 2 5 0.000766669478406
7 3 2
7 4 82 8.09576403851e-50
7 5 4 0.00689823027535
7 6 7 6.47170928021e-05
8 0 5 0.000766669478406
8 1 365 3.06852295363e-83
8 2 30 6.26499109641e-49
8 3 5 2.33262018196e-12
8 4 82 8.09576403851e-50
8 5 4 0.00689823027535
8 6 7 6.47170928021e-05
8 7 2
9 0 365 3.06852295363e-83
9 1 82 8.09576403851e-50
9 2 30 6.26499109641e-49
9 3 5 2.33262018196e-12
9 4 4 0.000460001687044
9 5 4 0.00689823027535
9 6 7 6.47170928021e-05
9 7 2
READ.txt
20502
2 0 491 3.93982695393e-146
2 1 9 6.90072012024e-11
3 0 9 6.90072012024e-11
3 1 468 6.91215109465e-136
3 2 23 8.75646548529e-10
4 0 468 6.91215109465e-136
4 1 8 1.03790296452e-08
4 2 23 8.75646548529e-10
5 0 23 8.75646548529e-10
5 1 8 1.03790296452e-08
5 2 88 5.3116004483e-58
5 4 380 1.5408372299e-99
6 0 19 7.60089382883e-10
6 1 8 1.03790296452e-08
6 2 88 5.3116004483e-58
6 4 380 1.5408372299e-99
6 5 4 7.40273781077e-06
7 0 88 5.3116004483e-58
7 1 8 1.03790296452e-08
7 2 4
7 4 380 1.5408372299e-99
7 5 4 7.40273781077e-06
7 6 15 7.14601461538e-11
8 0 8 1.03790296452e-08
8 1 82 2.2851421565e-59
8 2 4
8 3 6
8 4 380 1.5408372299e-99
8 5 4 7.40273781077e-06
8 6 15 7.14601461538e-11
9 0 82 2.2851421565e-59
9 1 380 1.5408372299e-99
9 2 4
9 3 6
9 4 6 4.27978489105e-07
9 5 4 7.40273781077e-06
9 6 15 7.14601461538e-11
9 8 2
SKCM.txt
20502
2 0 67 6.41091828517e-34
2 1 433 7.26801949231e-104
3 0 66 1.25135937471e-34
3 1 433 7.26801949231e-104
4 0 433 7.26801949231e-104
4 1 62 1.14998389853e-31
4 3 4 0.00689823027535
5 0 62 1.14998389853e-31
5 1 424 9.77512879472e-98
5 3 4 0.00689823027535
5 4 9 4.99800208813e-15
6 0 12 1.96495131667e-06
6 1 424 9.77512879472e-98
6 2 50 1.16749936603e-27
6 3 4 0.00689823027535
6 4 9 4.99800208813e-15
7 0 10 8.34397194809e-07
7 1 424 9.77512879472e-98
7 2 50 1.16749936603e-27
7 3 4 0.00689823027535
7 4 9 4.99800208813e-15
7 6 2
8 0 424 9.77512879472e-98
8 1 7 1.39261788942e-07
8 2 50 1.16749936603e-27
8 3 4 0.00689823027535
8 4 9 4.99800208813e-15
8 6 2
8 7 3 1.85122630147e-06
9 0 416 3.5579547373e-99
9 1 7 1.39261788942e-07
9 2 50 1.16749936603e-27
9 3 4 0.00689823027535
9 4 9 4.99800208813e-15
9 6 2
9 7 3 1.85122630147e-06
9 8 8
PAAD.txt
20502
2 0 14 5.81326254319e-13
2 1 486 3.26378748318e-139
3 0 11 9.3433028373e-09
3 1 486 3.26378748318e-139
3 2 3
4 0 486 3.26378748318e-139
4 1 8 0.000139072248743
4 2 3
4 3 3
5 0 482 1.79876486773e-138
5 1 8 0.000139072248743
5 2 3
5 3 3
5 4 4 7.40273781077e-06
6 0 27 2.03810200133e-09
6 1 8 0.000139072248743
6 2 3
6 3 3
6 4 4 7.40273781077e-06
6 5 455 8.70089089307e-131
7 0 8 0.000139072248743
7 1 18 7.1961993515e-06
7 2 3
7 3 3
7 4 4 7.40273781077e-06
7 5 455 8.70089089307e-131
7 6 9
8 0 3
8 1 18 7.1961993515e-06
8 2 455 8.70089089307e-131
8 3 3
8 4 4 7.40273781077e-06
8 5 6
8 6 9
8 7 2
9 0 18 7.1961993515e-06
9 1 2
9 2 455 8.70089089307e-131
9 3 3
9 4 4 7.40273781077e-06
9 5 6
9 6 9
9 7 2
COADREAD.txt
20502
2 0 472 1.12496544502e-147
2 1 28 1.00134284079e-09
3 0 316 1.04787358918e-83
3 1 28 1.00134284079e-09
3 2 156 7.10125891026e-74
4 0 28 1.00134284079e-09
4 1 9 6.90072012024e-11
4 2 156 7.10125891026e-74
4 3 307 1.85471320492e-77
5 0 25 4.62325264389e-10
5 1 9 6.90072012024e-11
5 2 156 7.10125891026e-74
5 3 307 1.85471320492e-77
5 4 3 1.85122630147e-06
6 0 18 4.79258254971e-10
6 1 9 6.90072012024e-11
6 2 156 7.10125891026e-74
6 3 307 1.85471320492e-77
6 4 3 1.85122630147e-06
6 5 7 0.00825931796015
7 0 9 6.90072012024e-11
7 1 14 3.3502082844e-11
7 2 156 7.10125891026e-74
7 3 307 1.85471320492e-77
7 4 3 1.85122630147e-06
7 5 7 0.00825931796015
7 6 4
8 0 14 3.3502082844e-11
8 1 307 1.85471320492e-77
8 2 156 7.10125891026e-74
8 3 8 1.03790296452e-08
8 4 3 1.85122630147e-06
8 5 7 0.00825931796015
8 6 4
9 0 156 7.10125891026e-74
9 1 307 1.85471320492e-77
9 2 4
9 3 8 1.03790296452e-08
9 4 3 1.85122630147e-06
9 5 7 0.00825931796015
9 6 13 1.44243475611e-11
COAD.txt
20502
2 0 92 3.7187323278e-57
2 1 408 1.09809482713e-102
3 0 85 1.14269029352e-58
3 1 408 1.09809482713e-102
3 2 7 0.00825931796015
4 0 82 2.2851421565e-59
4 1 408 1.09809482713e-102
4 2 7 0.00825931796015
4 3 3 1.85122630147e-06
5 0 5
5 1 77 1.30130898445e-60
5 2 7 0.00825931796015
5 3 3 1.85122630147e-06
5 4 408 1.09809482713e-102
6 0 77 1.30130898445e-60
6 1 408 1.09809482713e-102
6 2 7 0.00825931796015
6 3 3 1.85122630147e-06
6 4 4
7 0 408 1.09809482713e-102
7 1 76 7.11633730449e-61
7 2 7 0.00825931796015
7 3 3 1.85122630147e-06
7 4 4
8 0 76 7.11633730449e-61
8 1 4
8 2 7 0.00825931796015
8 3 118 2.90992597162e-42
8 4 290 2.2098898784e-58
8 7 3 1.85122630147e-06
9 0 4
9 1 290 2.2098898784e-58
9 2 7 0.00825931796015
9 3 65 1.75460427121e-46
9 4 11 1.8663967565e-12
9 7 3 1.85122630147e-06
9 8 118 2.90992597162e-42
ESCA.txt
20502
2 0 496 3.11996147413e-143
2 1 4 9.07637137378e-05
3 0 12 1.10620513454e-11
3 1 4 9.07637137378e-05
3 2 484 9.18472709631e-138
4 0 484 9.18472709631e-138
4 1 4 9.07637137378e-05
4 2 10 8.33916325358e-09
4 3 2
5 0 483 4.85985426289e-137
5 1 4 9.07637137378e-05
5 2 10 8.33916325358e-09
5 3 2
6 0 10 8.33916325358e-09
6 1 4 9.07637137378e-05
6 2 108 2.77027771808e-57
6 3 2
6 5 375 2.78227146465e-81
7 0 108 2.77027771808e-57
7 1 4 9.07637137378e-05
7 2 6 1.75164280069e-10
7 3 2
7 5 375 2.78227146465e-81
7 6 4 7.40273781077e-06
8 0 106 1.0618947835e-58
8 1 4 9.07637137378e-05
8 2 6 1.75164280069e-10
8 3 2
8 5 375 2.78227146465e-81
8 6 4 7.40273781077e-06
8 7 2
9 0 6 1.75164280069e-10
9 1 31 1.74396405098e-13
9 2 75 3.13750386859e-42
9 3 4 9.07637137378e-05
9 5 375 2.78227146465e-81
9 6 4 7.40273781077e-06
9 7 2
9 8 2
LGG.txt
20502
2 0 499 5.34187240238e-73
3 0 14 0.000197577793072
3 2 485 5.59319962843e-68
4 0 485 5.59319962843e-68
4 2 13 0.00218539205763
5 0 415 6.94483301114e-67
5 1 70 2.07275047145e-15
5 2 13 0.00218539205763
6 0 13 0.00218539205763
6 1 70 2.07275047145e-15
6 2 414 6.0344595988e-67
7 0 12 0.0201456380876
7 1 70 2.07275047145e-15
7 2 414 6.0344595988e-67
8 0 414 6.0344595988e-67
8 1 70 2.07275047145e-15
8 2 10 0.00116447813986
8 3 2 0.000460001687029
9 0 70 2.07275047145e-15
9 1 139 1.23407217913e-47
9 2 10 0.00116447813986
9 3 275 2.85795686108e-25
9 8 2 0.000460001687029
CESC.txt
20502
2 0 16 7.39528939781e-09
2 1 484 5.19329721624e-141
3 0 484 5.19329721624e-141
3 1 3 0.00118921655656
3 2 13 2.99135715567e-09
4 0 3 0.00118921655656
4 1 129 1.18903046809e-66
4 2 13 2.99135715567e-09
4 3 355 2.62279117661e-84
5 0 13 2.99135715567e-09
5 1 129 1.18903046809e-66
5 2 2 0.0145667200893
5 3 355 2.62279117661e-84
6 0 2 0.0145667200893
6 1 129 1.18903046809e-66
6 2 4 0.000460001687044
6 3 355 2.62279117661e-84
6 5 9 2.93384702779e-10
7 0 129 1.18903046809e-66
7 1 355 2.62279117661e-84
7 2 4 0.000460001687044
7 5 9 2.93384702779e-10
8 0 4 0.000460001687044
8 1 93 9.42029767228e-48
8 2 9 2.93384702779e-10
8 3 355 2.62279117661e-84
8 5 36 1.41777531368e-17
9 0 9 2.93384702779e-10
9 1 93 9.42029767228e-48
9 2 3 0.000230000843522
9 3 355 2.62279117661e-84
9 5 36 1.41777531368e-17
LUAD.txt
20502
2 0 15 1.72221776056e-05
2 1 485 1.18672741797e-140
3 0 14 0.000197577793072
3 1 485 1.18672741797e-140
4 0 485 1.18672741797e-140
4 1 13 7.44598265409e-05
5 0 13 7.44598265409e-05
5 1 114 1.89622978306e-55
5 4 371 2.89613131258e-89
6 0 114 1.89622978306e-55
6 1 12 0.000406198097513
6 4 371 2.89613131258e-89
7 0 12 0.000406198097513
7 1 113 1.3007093124e-55
7 4 371 2.89613131258e-89
8 0 113 1.3007093124e-55
8 1 8 0.0321749931885
8 3 4 7.40273781077e-06
8 4 371 2.89613131258e-89
9 0 33 3.84509616176e-12
9 1 8 0.0321749931885
9 3 4 7.40273781077e-06
9 4 371 2.89613131258e-89
9 8 80 2.48806755959e-43
GBM.txt
20502
2 0 498 6.65354577404e-101
2 1 2
3 0 2
3 1 486 6.0384918953e-95
3 2 12 0.000379893745498
4 0 486 6.0384918953e-95
4 2 12 0.000379893745498
5 0 12 0.000379893745498
5 1 378 6.68272837414e-59
5 2 108 7.89128891809e-35
6 0 108 7.89128891809e-35
6 1 378 6.68272837414e-59
6 2 11 0.00212873321628
7 0 102 9.92018688643e-33
7 1 378 6.68272837414e-59
7 2 11 0.00212873321628
7 6 6 4.16901378696e-10
8 0 11 0.00212873321628
8 1 378 6.68272837414e-59
8 2 69 5.21006791511e-26
8 3 33 4.11371373696e-15
8 6 6 4.16901378696e-10
9 0 6
9 1 5 0.0114955548467
9 2 69 5.21006791511e-26
9 3 378 6.68272837414e-59
9 6 6 4.16901378696e-10
9 8 33 4.11371373696e-15
TGCT.txt
20502
2 0 497 5.11020824073e-124
2 1 3 1.85122630147e-06
3 0 475 7.90605276304e-112
3 1 3 1.85122630147e-06
3 2 22 1.37718986449e-10
4 0 22 1.37718986449e-10
4 1 3 1.85122630147e-06
4 2 130 5.25156286629e-96
4 3 345 2.1393852117e-66
5 0 21 9.4747187929e-10
5 1 3 1.85122630147e-06
5 2 130 5.25156286629e-96
5 3 345 2.1393852117e-66
6 0 3 1.85122630147e-06
6 1 19 1.74382539325e-11
6 2 130 5.25156286629e-96
6 3 345 2.1393852117e-66
6 5 2
7 0 19 1.74382539325e-11
7 1 345 2.1393852117e-66
7 2 130 5.25156286629e-96
7 3 2 0.00421668213111
7 5 2
8 0 130 5.25156286629e-96
8 1 345 2.1393852117e-66
8 2 17 1.85930510003e-10
8 3 2 0.00421668213111
8 5 2
8 7 2
9 0 17 1.85930510003e-10
9 1 2
9 2 128 1.79100366949e-96
9 3 345 2.1393852117e-66
9 5 2
9 7 2
9 8 2 0.00421668213111
BRCA.txt
20502
2 0 496 2.48212271331e-116
2 1 4 7.40273781077e-06
3 0 117 4.28833238579e-64
3 1 4 7.40273781077e-06
3 2 379 2.30866949728e-68
4 0 116 2.82886819864e-64
4 1 4 7.40273781077e-06
4 2 379 2.30866949728e-68
5 0 7 0.0241343846416
5 1 109 1.34831934971e-65
5 2 379 2.30866949728e-68
5 4 4 7.40273781077e-06
6 0 109 1.34831934971e-65
6 1 4 7.40273781077e-06
6 2 379 2.30866949728e-68
6 4 5 0.0114955548467
6 5 2
7 0 4 7.40273781077e-06
7 1 108 8.5552832129e-66
7 2 379 2.30866949728e-68
7 4 5 0.0114955548467
7 5 2
8 0 108 8.5552832129e-66
8 1 3 1.85122630147e-06
8 2 379 2.30866949728e-68
8 4 5 0.0114955548467
8 5 2
9 0 43 2.11140734212e-23
9 1 3 1.85122630147e-06
9 2 379 2.30866949728e-68
9 3 65 6.6995839016e-49
9 4 5 0.0114955548467
9 5 2
THYM.txt
20502
2 0 78 3.32158272435e-81
2 1 422 6.89999728577e-71
3 0 422 6.89999728577e-71
3 1 10 0.0079927969367
3 2 68 3.55440003322e-82
4 0 10 0.0079927969367
4 1 72 7.37821643967e-36
4 2 68 3.55440003322e-82
4 3 350 1.29692395643e-47
5 0 72 7.37821643967e-36
5 1 8 0.00104173393157
5 2 68 3.55440003322e-82
5 3 350 1.29692395643e-47
5 4 2
6 0 68 3.55440003322e-82
6 1 8 0.00104173393157
6 2 70 3.276088457e-36
6 3 350 1.29692395643e-47
6 4 2
6 5 2
7 0 70 3.276088457e-36
7 1 8 0.00104173393157
7 2 58 6.50165727792e-64
7 3 350 1.29692395643e-47
7 4 2
7 5 2
7 6 10 6.57671390806e-14
8 0 58 6.50165727792e-64
8 1 8 0.00104173393157
8 2 69 2.15945081361e-36
8 3 350 1.29692395643e-47
8 4 2
8 5 2
8 6 10 6.57671390806e-14
9 0 8 0.00104173393157
9 1 52 2.19625479003e-66
9 2 69 2.15945081361e-36
9 3 350 1.29692395643e-47
9 4 2
9 5 2
9 6 10 6.57671390806e-14
9 8 6
CHOL.txt
20502
2 0 495 7.21191471534e-142
2 1 5 0.00181339810427
3 0 5 0.00181339810427
3 1 79 1.53260918705e-36
3 2 416 1.09092950632e-103
4 0 79 1.53260918705e-36
4 1 4 0.00285199987443
4 2 416 1.09092950632e-103
5 0 4 0.00285199987443
5 1 77 6.13131509133e-35
5 2 416 1.09092950632e-103
5 4 2
6 0 77 6.13131509133e-35
6 1 3
6 2 416 1.09092950632e-103
6 4 2
7 0 3
7 1 69 1.32861523332e-28
7 2 416 1.09092950632e-103
7 4 2
7 6 8 0.00104173393157
8 0 69 1.32861523332e-28
8 1 2
8 2 416 1.09092950632e-103
8 4 2
8 6 8 0.00104173393157
9 0 416 1.09092950632e-103
9 1 2
9 2 65 1.61484324499e-29
9 3 4 0.00965689418217
9 4 2
9 6 8 0.00104173393157
SARC.txt
20502
2 0 3 1.85122630147e-06
2 1 497 1.92604577671e-124
3 0 497 1.92604577671e-124
3 1 2 0.00421668213111
4 0 26 7.17818218126e-11
4 1 471 1.63350162782e-111
4 3 2 0.00421668213111
5 0 16 3.62508282204e-07
5 1 471 1.63350162782e-111
5 3 2 0.00421668213111
5 4 10 2.22890199671e-08
6 0 471 1.63350162782e-111
6 1 2 0.00421668213111
6 3 15 2.07819007694e-06
6 4 10 2.22890199671e-08
7 0 2 0.00421668213111
7 1 15 2.07819007694e-06
7 2 320 1.98571086007e-51
7 3 151 2.73970825756e-61
7 4 10 2.22890199671e-08
8 0 15 2.07819007694e-06
8 1 151 2.73970825756e-61
8 2 320 1.98571086007e-51
8 4 10 2.22890199671e-08
9 0 14 1.18593155191e-05
9 1 151 2.73970825756e-61
9 2 320 1.98571086007e-51
9 4 10 2.22890199671e-08
LIHC.txt
20502
2 0 499 2.17877206607e-139
3 0 15 2.78340599461e-21
3 2 484 1.1094697174e-128
4 0 484 1.1094697174e-128
4 1 13 9.72413551964e-20
4 2 2
5 0 2
5 1 13 9.72413551964e-20
5 2 113 4.79148431009e-54
5 4 371 1.25337875982e-88
6 0 113 4.79148431009e-54
6 1 13 9.72413551964e-20
6 4 371 1.25337875982e-88
7 0 13 9.72413551964e-20
7 1 112 1.15819758057e-54
7 4 371 1.25337875982e-88
8 0 11 2.76755979767e-18
8 1 112 1.15819758057e-54
8 3 2
8 4 371 1.25337875982e-88
9 0 112 1.15819758057e-54
9 1 2
9 3 8 1.54039846503e-11
9 4 371 1.25337875982e-88
9 8 3 4.48782133694e-08
LUSC.txt
20502
2 0 14 6.46842980162e-05
2 1 486 3.27898613974e-150
3 0 486 3.27898613974e-150
3 1 12 1.13221206914e-05
3 2 2
4 0 12 1.13221206914e-05
4 1 123 4.03792247986e-55
4 2 2
4 3 363 8.1781631691e-93
5 0 2
5 1 123 4.03792247986e-55
5 2 8 2.1144995493e-06
5 3 363 8.1781631691e-93
5 4 4 7.40273781077e-06
6 0 8 2.1144995493e-06
6 1 123 4.03792247986e-55
6 3 363 8.1781631691e-93
6 4 4 7.40273781077e-06
7 0 123 4.03792247986e-55
7 1 3 0.00175977572222
7 2 5 0.0114955548467
7 3 363 8.1781631691e-93
7 4 4 7.40273781077e-06
8 0 97 5.40908443919e-44
8 1 3 0.00175977572222
8 2 5 0.0114955548467
8 3 26 1.71343228151e-10
8 4 4 7.40273781077e-06
8 7 363 8.1781631691e-93
9 0 3 0.00175977572222
9 1 96 1.39672488603e-44
9 2 5 0.0114955548467
9 3 26 1.71343228151e-10
9 4 4 7.40273781077e-06
9 7 363 8.1781631691e-93
GBMLGG.txt
20502
2 0 499 3.12466445595e-87
3 0 498 1.31248096228e-86
4 0 70 5.25017262708e-23
4 1 428 1.01013372388e-62
5 0 428 1.01013372388e-62
5 1 11 0.0252852851437
5 4 59 1.39037941286e-19
6 0 11 0.0252852851437
6 1 59 1.39037941286e-19
6 4 427 2.47668062634e-62
7 0 59 1.39037941286e-19
7 1 9 0.0468061283515
7 2 2 0.000460001687029
7 4 427 2.47668062634e-62
8 0 9 0.0468061283515
8 1 427 2.47668062634e-62
8 2 2 0.000460001687029
8 3 52 1.3839936593e-15
8 4 7
9 0 427 2.47668062634e-62
9 1 7
9 2 2 0.000460001687029
9 3 52 1.3839936593e-15
9 4 8
HNSC.txt
20502
2 0 494 1.26772130694e-139
2 1 6 1.75164280069e-10
3 0 6 1.75164280069e-10
3 1 40 1.68996524849e-16
3 2 454 1.58732384427e-120
4 0 5 3.81951303037e-08
4 1 40 1.68996524849e-16
4 2 454 1.58732384427e-120
5 0 40 1.68996524849e-16
5 1 3 0.00175977572222
5 2 454 1.58732384427e-120
5 4 2
6 0 36 4.2694191278e-16
6 1 3 0.00175977572222
6 2 4 7.40273781077e-06
6 4 2
6 5 454 1.58732384427e-120
7 0 3 0.00175977572222
7 1 35 2.74863745968e-15
7 2 4 7.40273781077e-06
7 4 2
7 5 454 1.58732384427e-120
8 0 35 2.74863745968e-15
8 1 2
8 2 4 7.40273781077e-06
8 4 2
8 5 454 1.58732384427e-120
9 0 2
9 1 2
9 2 4 7.40273781077e-06
9 3 8 1.25590045628e-05
9 4 27 5.99207222494e-09
9 5 454 1.58732384427e-120
MESO.txt
20502
2 0 6 1.05574855486e-05
2 1 494 2.00480750646e-126
3 0 494 2.00480750646e-126
3 1 5 1.77444225018e-06
4 0 5 1.77444225018e-06
4 1 468 1.9641949606e-112
4 3 26 2.32417871651e-12
5 0 468 1.9641949606e-112
5 1 26 2.32417871651e-12
5 3 4 0.00017571264369
6 0 26 2.32417871651e-12
6 1 352 3.02354778537e-64
6 2 116 5.97881606611e-62
6 3 4 0.00017571264369
7 0 25 1.56814177735e-11
7 1 352 3.02354778537e-64
7 2 116 5.97881606611e-62
7 3 4 0.00017571264369
8 0 352 3.02354778537e-64
8 1 4 0.00017571264369
8 2 116 5.97881606611e-62
8 3 19 2.69543447271e-08
8 7 6 0.0172410890987
9 0 4 0.00017571264369
9 1 19 2.69543447271e-08
9 2 116 5.97881606611e-62
9 3 348 2.88462238547e-65
9 7 6 0.0172410890987
9 8 4 5.21050528395e-09
UVM.txt
20502
2 0 486 1.10802991936e-88
2 1 14 2.78481356127e-09
3 0 14 2.78481356127e-09
3 1 86 5.05872924321e-76
3 2 400 2.46282264946e-57
4 0 13 1.20330051233e-09
4 1 86 5.05872924321e-76
4 2 400 2.46282264946e-57
5 0 86 5.05872924321e-76
5 1 11 3.37442826298e-08
5 2 400 2.46282264946e-57
5 4 2
6 0 11 3.37442826298e-08
6 1 48 5.09472326992e-27
6 2 400 2.46282264946e-57
6 4 2
6 5 38 9.95629209037e-45
7 0 8 3.13981046146e-07
7 1 48 5.09472326992e-27
7 2 400 2.46282264946e-57
7 4 2
7 5 38 9.95629209037e-45
7 6 3
8 0 400 2.46282264946e-57
8 1 48 5.09472326992e-27
8 2 7 7.91238861062e-08
8 4 2
8 5 38 9.95629209037e-45
8 6 3
9 0 48 5.09472326992e-27
9 1 2
9 2 7 7.91238861062e-08
9 3 237 2.89601596795e-21
9 4 163 1.75963801685e-36
9 5 38 9.95629209037e-45
9 6 3
KIRP.txt
20502
2 0 22 2.94462060606e-12
2 1 478 1.14207053712e-143
3 0 478 1.14207053712e-143
3 1 3
3 2 19 1.10078356838e-09
4 0 3
4 1 433 7.96128971918e-121
4 2 19 1.10078356838e-09
4 3 45 1.6668611773e-20
5 0 433 7.96128971918e-121
5 1 2
5 2 19 1.10078356838e-09
5 3 45 1.6668611773e-20
6 0 431 1.84826367696e-120
6 1 2
6 2 19 1.10078356838e-09
6 3 45 1.6668611773e-20
6 5 2
7 0 2
7 1 45 1.6668611773e-20
7 2 19 1.10078356838e-09
7 3 225 1.22264969863e-74
7 5 2
7 6 206 7.09115703292e-43
8 0 45 1.6668611773e-20
8 1 225 1.22264969863e-74
8 2 19 1.10078356838e-09
8 5 2
8 6 206 7.09115703292e-43
9 0 19 1.10078356838e-09
9 1 6 0.0136653887089
9 2 39 4.32636913524e-17
9 3 225 1.22264969863e-74
9 5 2
9 6 206 7.09115703292e-43
PRAD.txt
20502
2 0 499 1.02366915445e-107
3 0 66 1.5660734897e-41
3 2 433 2.97966956041e-81
4 0 9 0.000131347734909
4 1 57 3.07572839857e-41
4 2 433 2.97966956041e-81
5 0 433 2.97966956041e-81
5 1 57 3.07572839857e-41
5 2 2
5 4 7 0.00825931796015
6 0 57 3.07572839857e-41
6 1 7 0.00825931796015
6 2 2
6 4 345 1.7404724381e-53
6 5 88 2.0734141316e-60
7 0 2
7 1 7 0.00825931796015
7 2 48 9.85299340919e-44
7 4 345 1.7404724381e-53
7 5 88 2.0734141316e-60
7 6 9 1.5455025729e-06
8 0 48 9.85299340919e-44
8 1 7 0.00825931796015
8 2 9 1.5455025729e-06
8 4 345 1.7404724381e-53
8 5 88 2.0734141316e-60
9 0 7 0.00825931796015
9 1 21 7.14898654973e-07
9 2 9 1.5455025729e-06
9 3 27 1.19006409975e-54
9 4 345 1.7404724381e-53
9 5 88 2.0734141316e-60
STES.txt
20502
2 0 496 3.11996147413e-143
2 1 4 9.07637137378e-05
3 0 12 1.10620513454e-11
3 1 4 9.07637137378e-05
3 2 484 9.18472709631e-138
4 0 484 9.18472709631e-138
4 1 4 9.07637137378e-05
4 2 10 8.33916325358e-09
4 3 2
5 0 483 4.85985426289e-137
5 1 4 9.07637137378e-05
5 2 10 8.33916325358e-09
5 3 2
6 0 10 8.33916325358e-09
6 1 4 9.07637137378e-05
6 2 108 2.77027771808e-57
6 3 2
6 5 375 2.78227146465e-81
7 0 108 2.77027771808e-57
7 1 4 9.07637137378e-05
7 2 6 1.75164280069e-10
7 3 2
7 5 375 2.78227146465e-81
7 6 4 7.40273781077e-06
8 0 106 1.0618947835e-58
8 1 4 9.07637137378e-05
8 2 6 1.75164280069e-10
8 3 2
8 5 375 2.78227146465e-81
8 6 4 7.40273781077e-06
8 7 2
9 0 6 1.75164280069e-10
9 1 31 1.74396405098e-13
9 2 75 3.13750386859e-42
9 3 4 9.07637137378e-05
9 5 375 2.78227146465e-81
9 6 4 7.40273781077e-06
9 7 2
9 8 2
KIPAN.txt
20502
2 0 466 1.50532839258e-129
2 1 34 4.36953823823e-19
3 0 34 4.36953823823e-19
3 1 166 2.48244389081e-60
3 2 300 1.7874173063e-66
4 0 166 2.48244389081e-60
4 1 11 1.31058143078e-06
4 2 300 1.7874173063e-66
4 3 23 4.79449719546e-11
5 0 11 1.31058143078e-06
5 1 23 4.79449719546e-11
5 2 300 1.7874173063e-66
5 3 164 2.98903403123e-61
5 4 2
6 0 3
6 1 23 4.79449719546e-11
6 2 300 1.7874173063e-66
6 3 164 2.98903403123e-61
6 4 2
6 5 8 2.78393126348e-07
7 0 23 4.79449719546e-11
7 1 164 2.98903403123e-61
7 2 300 1.7874173063e-66
7 3 2
7 4 2
7 5 8 2.78393126348e-07
8 0 300 1.7874173063e-66
8 1 164 2.98903403123e-61
8 2 8 2.78393126348e-07
8 3 2
8 4 2
8 5 8 0.0101060745937
8 7 15 2.70944035657e-06
9 0 8 2.78393126348e-07
9 1 164 2.98903403123e-61
9 2 8 0.0101060745937
9 3 2
9 4 2
9 5 298 4.17357183907e-66
9 7 15 2.70944035657e-06
9 8 2
KICH.txt
20502
2 0 104 1.29902747864e-49
2 1 396 5.78527378628e-77
3 0 396 5.78527378628e-77
3 1 92 9.03981312929e-43
3 2 12 0.000856792519505
4 0 92 9.03981312929e-43
4 1 394 1.09753134625e-75
4 2 12 0.000856792519505
4 3 2
5 0 91 5.7311703537e-42
5 1 394 1.09753134625e-75
5 2 12 0.000856792519505
5 3 2
6 0 12 0.000856792519505
6 1 394 1.09753134625e-75
6 2 28 1.68555227605e-12
6 3 2
6 5 63 1.4780105052e-26
7 0 28 1.68555227605e-12
7 1 394 1.09753134625e-75
7 2 11 0.00567900391162
7 3 2
7 5 63 1.4780105052e-26
8 0 394 1.09753134625e-75
8 1 2
8 2 11 0.00567900391162
8 3 27 1.1045393817e-11
8 5 63 1.4780105052e-26
9 0 109 5.02209353884e-20
9 1 2
9 2 11 0.00567900391162
9 3 27 1.1045393817e-11
9 5 63 1.4780105052e-26
9 8 285 1.68859134737e-52
LAML.txt
20502
2 0 498 6.98564192839e-72
2 1 2
3 0 2
3 1 18 7.7345493181e-06
3 2 480 6.80781100762e-73
4 0 18 7.7345493181e-06
4 2 480 6.80781100762e-73
5 0 17 4.79170064649e-05
5 2 480 6.80781100762e-73
6 0 480 6.80781100762e-73
6 2 14 0.000400107314743
6 5 3 2.46830173532e-06
7 0 14 0.000400107314743
7 2 443 1.9206777498e-61
7 5 3 2.46830173532e-06
7 6 37 1.02016567122e-09
8 0 443 1.9206777498e-61
8 1 2
8 2 12 0.0108729305701
8 5 3 2.46830173532e-06
8 6 37 1.02016567122e-09
9 0 12 0.0108729305701
9 1 2
9 2 37 1.02016567122e-09
9 3 178 7.19516938433e-11
9 5 3 2.46830173532e-06
9 6 265 1.05593556002e-63
