DLBC.txt
2 0 73
2 1 27 0.000194067115474
3 0 62
3 1 27 0.000194067115474
3 2 11
4 0 27 0.000194067115474
4 1 37
4 2 11
4 3 25
5 0 37
5 1 20
5 2 11
5 3 25
5 4 7 0.0337826441345
6 0 20
6 1 25
6 2 17
6 3 20
6 4 7 0.0337826441345
6 5 11
7 0 25
7 1 20
7 2 17
7 3 15
7 4 7 0.0337826441345
7 5 11
7 6 5
8 0 20
8 1 7 0.0337826441345
8 2 17
8 3 15
8 4 13
8 5 11
8 6 5
8 7 12
9 0 7 0.0337826441345
9 1 13
9 2 17
9 3 15
9 4 18
9 5 11
9 6 5
9 7 12
9 8 2
KIRC.txt
2 0 74 5.13042794321e-10
2 1 26 6.14680015992e-08
3 0 62 3.72455791248e-11
3 1 26 6.14680015992e-08
3 2 12
4 0 23 4.26114738536e-08
4 1 39
4 2 12
4 3 26 6.14680015992e-08
5 0 39
5 1 26 6.14680015992e-08
5 2 12
5 3 12 1.1650245891e-09
5 4 11
6 0 35
6 1 26 6.14680015992e-08
6 2 12
6 3 12 1.1650245891e-09
6 4 11
6 5 4
7 0 26 6.14680015992e-08
7 1 12 1.1650245891e-09
7 2 18
7 3 17
7 4 11
7 5 4
7 6 12
8 0 12 1.1650245891e-09
8 1 17
8 2 18
8 3 21 0.0024966902873
8 4 11
8 5 4
8 6 12
8 7 5 0.0435694617421
9 0 17
9 1 21 0.0024966902873
9 2 18
9 3 5 0.0435694617421
9 4 11
9 5 4
9 6 12
9 7 9 8.16751834651e-08
9 8 3 4.48782133694e-08
PCPG.txt
2 0 64 0.000254665542965
2 1 36
3 0 53 7.64844001369e-05
3 1 36
3 2 11
4 0 43 3.27340343165e-05
4 1 36
4 2 11
4 3 10 2.31759560755e-06
5 0 36
5 1 26 2.26964428102e-06
5 2 11
5 3 10 2.31759560755e-06
5 4 17
6 0 31 0.0338051957687
6 1 26 2.26964428102e-06
6 2 5
6 3 10 2.31759560755e-06
6 4 17
6 5 11
7 0 29 0.0275085298698
7 1 26 2.26964428102e-06
7 2 5
7 3 10 2.31759560755e-06
7 4 17
7 5 11
7 6 2
8 0 24 0.0152764353088
8 1 26 2.26964428102e-06
8 2 5
8 3 5
8 4 17
8 5 11
8 6 2
8 7 10 2.31759560755e-06
9 0 20
9 1 26 2.26964428102e-06
9 2 5
9 3 5
9 4 17
9 5 11
9 6 2
9 7 10 2.31759560755e-06
9 8 4 3.05015535754e-05
ACC.txt
2 0 47 0.000909302325691
2 1 53 0.0112241679368
3 0 53 0.0112241679368
3 1 18 0.00150398110304
3 2 29
4 0 18 0.00150398110304
4 1 47 0.00480675683034
4 2 29
4 3 6
5 0 47 0.00480675683034
5 1 15
5 2 29
5 3 6
5 4 3 0.0126463439409
6 0 23 0.0357649666674
6 1 15
6 2 29
6 3 6
6 4 3 0.0126463439409
6 5 24
7 0 15
7 1 11
7 2 29
7 3 6
7 4 3 0.0126463439409
7 5 24
7 6 12
8 0 29
8 1 11
8 2 13
8 3 6
8 4 3 0.0126463439409
8 5 24
8 6 12
8 7 2
9 0 13
9 1 11
9 2 24
9 3 14
9 4 3 0.0126463439409
9 5 15
9 6 12
9 7 2
9 8 6
UCS.txt
2 0 66 5.0483806231e-32
2 1 34
3 0 34
3 1 52 1.90305132902e-24
3 2 14 5.30189762972e-07
4 0 52 1.90305132902e-24
4 1 25
4 2 14 5.30189762972e-07
4 3 9
5 0 25
5 1 9
5 2 14 5.30189762972e-07
5 3 24 1.91366910073e-15
5 4 28 2.1287536622e-09
6 0 15
6 1 9
6 2 10
6 3 24 1.91366910073e-15
6 4 28 2.1287536622e-09
6 5 14 5.30189762972e-07
7 0 10
7 1 9
7 2 14 5.30189762972e-07
7 3 24 1.91366910073e-15
7 4 28 2.1287536622e-09
7 5 10
7 6 5
8 0 14 5.30189762972e-07
8 1 9
8 2 10
8 3 3
8 4 28 2.1287536622e-09
8 5 7
8 6 5
8 7 24 1.91366910073e-15
9 0 10
9 1 9
9 2 9 3.35933413146e-08
9 3 3
9 4 28 2.1287536622e-09
9 5 7
9 6 5
9 7 24 1.91366910073e-15
9 8 5
BLCA.txt
2 0 71 2.55530693523e-07
2 1 29 3.46837984437e-05
3 0 27 1.98047384761e-05
3 1 29 3.46837984437e-05
3 2 44 0.000128600667313
4 0 29 3.46837984437e-05
4 1 13 4.76745214821e-05
4 2 44 0.000128600667313
4 3 14
5 0 44 0.000128600667313
5 1 13 4.76745214821e-05
5 2 20 2.91779245211e-06
5 3 14
5 4 9
6 0 38 3.72676143782e-05
6 1 13 4.76745214821e-05
6 2 20 2.91779245211e-06
6 3 14
6 4 9
6 5 6
7 0 13 4.76745214821e-05
7 1 20 0.0168677096985
7 2 20 2.91779245211e-06
7 3 14
7 4 9
7 5 6
7 6 18
8 0 20 2.91779245211e-06
8 1 20 0.0168677096985
8 2 18
8 3 14
8 4 9
8 5 6
8 6 9 0.0010193003939
8 7 4
9 0 20 0.0168677096985
9 1 10 0.00100363129555
9 2 18
9 3 14
9 4 9
9 5 6
9 6 9 0.0010193003939
9 7 4
9 8 10 0.00110038513821
THCA.txt
2 0 73 0.0423417106391
2 1 27 0.0209624203153
3 0 63 0.00446442211386
3 1 27 0.0209624203153
3 2 10
4 0 21 0.00244918920529
4 1 27 0.0209624203153
4 2 10
4 3 42 0.00281411165152
5 0 27 0.0209624203153
5 1 42 0.00281411165152
5 2 10
5 3 16 0.0441613924183
5 4 5 0.0421298076199
6 0 42 0.00281411165152
6 1 21
6 2 6
6 3 16 0.0441613924183
6 4 5 0.0421298076199
6 5 10
7 0 29 0.0134753580491
7 1 21
7 2 13
7 3 16 0.0441613924183
7 4 5 0.0421298076199
7 5 10
7 6 6
8 0 21
8 1 16 0.0441613924183
8 2 13
8 3 24
8 4 5 0.0421298076199
8 5 10
8 6 6
8 7 5 0.000610795805854
9 0 16 0.0441613924183
9 1 4
9 2 13
9 3 24
9 4 5 0.0421298076199
9 5 10
9 6 6
9 7 5 0.000610795805854
9 8 17
OV.txt
2 0 76 0.0163430435044
2 1 24
3 0 24
3 1 38
3 2 38
4 0 38
4 1 22
4 2 38
4 3 2
5 0 38
5 1 22
5 2 32 0.0253940923819
5 3 2
5 4 6
6 0 32 0.0253940923819
6 1 22
6 2 26 0.0278884010239
6 3 2
6 4 6
6 5 12
7 0 22
7 1 20
7 2 26 0.0278884010239
7 3 2
7 4 6
7 5 12
7 6 12
8 0 26 0.0278884010239
8 1 20
8 2 17
8 3 5
8 4 6
8 5 12
8 6 12
8 7 2
9 0 21
9 1 20
9 2 17
9 3 5
9 4 6
9 5 12
9 6 12
9 7 2
9 8 5
UCEC.txt
2 0 65 9.12119644267e-09
2 1 35 4.05675327455e-07
3 0 35 4.05675327455e-07
3 1 33 0.00727514387168
3 2 32 0.00491547238803
4 0 33 0.00727514387168
4 1 23 0.0497864747759
4 2 32 0.00491547238803
4 3 12 0.000856792519505
5 0 23 0.0497864747759
5 1 21 1.23870272089e-05
5 2 32 0.00491547238803
5 3 12 0.000856792519505
5 4 12
6 0 32 0.00491547238803
6 1 21 1.23870272089e-05
6 2 13
6 3 12 0.000856792519505
6 4 12
6 5 10
7 0 21 1.23870272089e-05
7 1 12 0.000856792519505
7 2 13
7 3 20
7 4 12
7 5 10
7 6 12
8 0 12 0.000856792519505
8 1 8 0.000526972416096
8 2 13
8 3 20
8 4 12
8 5 10
8 6 12
8 7 13
9 0 13
9 1 8 0.000526972416096
9 2 12
9 3 20
9 4 12
9 5 10
9 6 8
9 7 13
9 8 4
READ.txt
2 0 75 0.0151925201558
2 1 25 0.000908380778354
3 0 43
3 1 25 0.000908380778354
3 2 32
4 0 25 0.000908380778354
4 1 32
4 2 32
4 3 11
5 0 32
5 1 15 0.0190328152356
5 2 32
5 3 11
5 4 10
6 0 23
6 1 15 0.0190328152356
6 2 32
6 3 11
6 4 10
6 5 9
7 0 32
7 1 15 0.0190328152356
7 2 19
7 3 11
7 4 10
7 5 9
7 6 4
8 0 19
8 1 15 0.0190328152356
8 2 22
8 3 10
8 4 10
8 5 9
8 6 4
8 7 11
9 0 22
9 1 15 0.0190328152356
9 2 9
9 3 10
9 4 10
9 5 17
9 6 4
9 7 11
9 8 2
SKCM.txt
2 0 87 5.42569788556e-05
2 1 13 1.96886781189e-07
3 0 63
3 1 13 1.96886781189e-07
3 2 24 8.47755487538e-10
4 0 55
4 1 13 1.96886781189e-07
4 2 24 8.47755487538e-10
4 3 8
5 0 20
5 1 35 0.00179467529416
5 2 24 8.47755487538e-10
5 3 8
5 4 13 1.96886781189e-07
6 0 35 0.00179467529416
6 1 13 1.96886781189e-07
6 2 24 8.47755487538e-10
6 3 8
6 4 12
6 5 8
7 0 13 1.96886781189e-07
7 1 18
7 2 24 8.47755487538e-10
7 3 8
7 4 12
7 5 8
7 6 17
8 0 18
8 1 10 5.78607608981e-08
8 2 24 8.47755487538e-10
8 3 3
8 4 12
8 5 8
8 6 17
8 7 8
9 0 10 5.78607608981e-08
9 1 13
9 2 24 8.47755487538e-10
9 3 3
9 4 12
9 5 8
9 6 17
9 7 8
9 8 5
PAAD.txt
2 0 69 6.44054741228e-09
2 1 31 1.13110655085e-11
3 0 25
3 1 31 1.13110655085e-11
3 2 44 1.02675501979e-10
4 0 44 1.02675501979e-10
4 1 31 1.13110655085e-11
4 2 15
4 3 10
5 0 31 1.13110655085e-11
5 1 35 2.76991180018e-08
5 2 15
5 3 10
5 4 9
6 0 35 2.76991180018e-08
6 1 17 0.00204225843463
6 2 15
6 3 10
6 4 9
6 5 14 6.02451714697e-08
7 0 27 0.000194067115474
7 1 17 0.00204225843463
7 2 15
7 3 10
7 4 9
7 5 14 6.02451714697e-08
7 6 8 9.72153309679e-05
8 0 15
8 1 17 0.00204225843463
8 2 8 9.72153309679e-05
8 3 11
8 4 9
8 5 14 6.02451714697e-08
8 6 16 0.0186408966857
8 7 10
9 0 8 9.72153309679e-05
9 1 17 0.00204225843463
9 2 7
9 3 11
9 4 9
9 5 14 6.02451714697e-08
9 6 16 0.0186408966857
9 7 10
9 8 8
COADREAD.txt
2 0 86
2 1 14
3 0 47
3 1 14
3 2 39
4 0 36
4 1 14
4 2 39
4 3 11
5 0 39
5 1 14
5 2 22
5 3 11
5 4 14
6 0 22
6 1 14
6 2 22
6 3 11
6 4 14
6 5 17
7 0 22
7 1 14
7 2 17
7 3 11
7 4 14
7 5 17
7 6 5
8 0 17
8 1 14
8 2 14
8 3 8
8 4 14
8 5 17
8 6 5
8 7 11
9 0 14
9 1 14
9 2 17
9 3 8
9 4 14
9 5 11
9 6 5
9 7 11
9 8 6
COAD.txt
2 0 53 0.00376049567828
2 1 47
3 0 47
3 1 39
3 2 14
4 0 39
4 1 36
4 2 14
4 3 11
5 0 36
5 1 22
5 2 14
5 3 11
5 4 17
6 0 22
6 1 17
6 2 14
6 3 11
6 4 22
6 5 14
7 0 17
7 1 22
7 2 14
7 3 11
7 4 17
7 5 14
7 6 5
8 0 14
8 1 22
8 2 10
8 3 7
8 4 17
8 5 14
8 6 5
8 7 11
9 0 22
9 1 7
9 2 10
9 3 8
9 4 17
9 5 14
9 6 5
9 7 11
9 8 6
ESCA.txt
2 0 56 1.80699047107e-14
2 1 44 1.8500393943e-05
3 0 26
3 1 44 1.8500393943e-05
3 2 30 1.0498001898e-13
4 0 44 1.8500393943e-05
4 1 20
4 2 30 1.0498001898e-13
4 3 6
5 0 30 1.0498001898e-13
5 1 20
5 2 34 3.59176069603e-06
5 3 6
5 4 10
6 0 20
6 1 6
6 2 34 3.59176069603e-06
6 3 22 5.50575536069e-13
6 4 10
6 5 8 2.14043841626e-07
7 0 34 3.59176069603e-06
7 1 6
7 2 14
7 3 22 5.50575536069e-13
7 4 10
7 5 8 2.14043841626e-07
7 6 6
8 0 6
8 1 28 0.000118093146657
8 2 14
8 3 22 5.50575536069e-13
8 4 10
8 5 8 2.14043841626e-07
8 6 6
8 7 6
9 0 28 0.000118093146657
9 1 10
9 2 14
9 3 22 5.50575536069e-13
9 4 3
9 5 8 2.14043841626e-07
9 6 6
9 7 6
9 8 3
LGG.txt
2 0 73
2 1 27 0.0231317034269
3 0 60
3 1 27 0.0231317034269
3 2 13
4 0 36 0.0483001771396
4 1 27 0.0231317034269
4 2 13
4 3 24 2.28984428431e-05
5 0 27 0.0231317034269
5 1 18 0.0117300430196
5 2 13
5 3 24 2.28984428431e-05
5 4 18
6 0 18 0.0117300430196
6 1 18
6 2 16 0.00246144888398
6 3 24 2.28984428431e-05
6 4 11
6 5 13
7 0 18
7 1 16 0.00920003374087
7 2 16 0.00246144888398
7 3 24 2.28984428431e-05
7 4 11
7 5 13
7 6 2
8 0 16 0.00920003374087
8 1 11
8 2 16 0.00246144888398
8 3 24 2.28984428431e-05
8 4 12
8 5 13
8 6 2
8 7 6
9 0 11
9 1 12
9 2 16 0.00246144888398
9 3 24 2.28984428431e-05
9 4 6
9 5 13
9 6 2
9 7 6
9 8 10 0.00345001265283
CESC.txt
2 0 48 1.53567882629e-14
2 1 52 1.1146701477e-05
3 0 52 1.1146701477e-05
3 1 32 1.21672062577e-10
3 2 16 7.04482360884e-09
4 0 32 1.21672062577e-10
4 1 33
4 2 16 7.04482360884e-09
4 3 19
5 0 33
5 1 26 5.21244473206e-10
5 2 16 7.04482360884e-09
5 3 19
5 4 6
6 0 22
6 1 26 5.21244473206e-10
6 2 11
6 3 19
6 4 6
6 5 16 7.04482360884e-09
7 0 26 5.21244473206e-10
7 1 19
7 2 11
7 3 9
7 4 6
7 5 16 7.04482360884e-09
7 6 13
8 0 12 0.00128827006438
8 1 19
8 2 11
8 3 9
8 4 6
8 5 16 7.04482360884e-09
8 6 13
8 7 14 0.000266362183502
9 0 19
9 1 9
9 2 11
9 3 14 0.000266362183502
9 4 6
9 5 16 7.04482360884e-09
9 6 13
9 7 5 1.32679823327e-05
9 8 7
LUAD.txt
2 0 62
2 1 38 1.48488248419e-07
3 0 38 1.48488248419e-07
3 1 52
3 2 10
4 0 52
4 1 26 4.10628730158e-06
4 2 10
4 3 12 2.41764925528e-05
5 0 26 4.10628730158e-06
5 1 27
5 2 10
5 3 12 2.41764925528e-05
5 4 25
6 0 27
6 1 25
6 2 8 1.92944509443e-08
6 3 12 2.41764925528e-05
6 4 18 0.00260403993401
6 5 10
7 0 25
7 1 18 0.00260403993401
7 2 8 1.92944509443e-08
7 3 12 2.41764925528e-05
7 4 23
7 5 10
7 6 4
8 0 18 0.00260403993401
8 1 12 2.41764925528e-05
8 2 8 1.92944509443e-08
8 3 17
8 4 23
8 5 10
8 6 4
8 7 8 0.0418699033964
9 0 12 2.41764925528e-05
9 1 14
9 2 8 1.92944509443e-08
9 3 17
9 4 23
9 5 10
9 6 4
9 7 8 0.0418699033964
9 8 4 1.28304730007e-05
GBM.txt
2 0 44 0.0496543404062
2 1 56 0.0170551142007
3 0 56 0.0170551142007
3 1 31 0.00858274722557
3 2 13
4 0 36 0.000722078383063
4 1 31 0.00858274722557
4 2 13
4 3 20 0.0374055504548
5 0 31 0.00858274722557
5 1 19 0.00543374000429
5 2 13
5 3 20 0.0374055504548
5 4 17 0.010124936167
6 0 19 0.00543374000429
6 1 10
6 2 21
6 3 20 0.0374055504548
6 4 17 0.010124936167
6 5 13
7 0 12 0.0369417558453
7 1 10
7 2 21
7 3 20 0.0374055504548
7 4 17 0.010124936167
7 5 13
7 6 7 0.00553802302648
8 0 10
8 1 20 0.0374055504548
8 2 21
8 3 10 0.0202135689682
8 4 17 0.010124936167
8 5 13
8 6 7 0.00553802302648
8 7 2
9 0 21
9 1 20 0.0374055504548
9 2 7
9 3 10 0.0202135689682
9 4 17 0.010124936167
9 5 13
9 6 7 0.00553802302648
9 7 2
9 8 3
TGCT.txt
2 0 40 2.99275794343e-06
2 1 60 1.67800660015e-10
3 0 60 1.67800660015e-10
3 1 26 4.90105103621e-07
3 2 14
4 0 37 3.0160950179e-05
4 1 26 4.90105103621e-07
4 2 14
4 3 23 2.11713842297e-05
5 0 26 4.90105103621e-07
5 1 32 8.0725569806e-07
5 2 14
5 3 23 2.11713842297e-05
5 4 5
6 0 32 8.0725569806e-07
6 1 23 2.11713842297e-05
6 2 14
6 3 11 1.08310547312e-08
6 4 5
6 5 15
7 0 23 2.11713842297e-05
7 1 11 1.08310547312e-08
7 2 14
7 3 16 0.00358170891654
7 4 5
7 5 15
7 6 16 0.000458828632336
8 0 14
8 1 11 1.08310547312e-08
8 2 16 0.000473833945115
8 3 16 0.00358170891654
8 4 5
8 5 15
8 6 16 0.000458828632336
8 7 7 0.0383221893399
9 0 16 0.000473833945115
9 1 11 1.08310547312e-08
9 2 15
9 3 16 0.00358170891654
9 4 5
9 5 10 0.034473206495
9 6 16 0.000458828632336
9 7 7 0.0383221893399
9 8 4
BRCA.txt
2 0 57 3.36389050092e-05
2 1 43 0.0274726548764
3 0 43 0.0274726548764
3 1 36
3 2 21 4.07107765062e-06
4 0 36
4 1 28
4 2 21 4.07107765062e-06
4 3 15
5 0 28
5 1 24
5 2 21 4.07107765062e-06
5 3 15
5 4 12
6 0 21 4.07107765062e-06
6 1 24
6 2 13
6 3 15
6 4 12
6 5 15
7 0 24
7 1 15
7 2 13
7 3 17 0.0333952418002
7 4 12
7 5 15
7 6 4 0.00474224685102
8 0 16
8 1 8
8 2 13
8 3 15
8 4 12
8 5 15
8 6 4 0.00474224685102
8 7 17 0.0333952418002
9 0 8
9 1 15
9 2 13
9 3 17 0.0333952418002
9 4 12
9 5 15
9 6 4 0.00474224685102
9 7 13
9 8 3
THYM.txt
2 0 58 0.00344798732306
2 1 42
3 0 36
3 1 42
3 2 22 0.000172540986221
4 0 42
4 1 23
4 2 22 0.000172540986221
4 3 13
5 0 22 0.000172540986221
5 1 23
5 2 16 0.0144998357997
5 3 13
5 4 26
6 0 16
6 1 23
6 2 16 0.0144998357997
6 3 13
6 4 26
6 5 6 2.24341809781e-06
7 0 23
7 1 14
7 2 16 0.0144998357997
7 3 13
7 4 26
7 5 6 2.24341809781e-06
7 6 2
8 0 14
8 1 26
8 2 16 0.0144998357997
8 3 14 0.0209219089251
8 4 9
8 5 6 2.24341809781e-06
8 6 2
8 7 13
9 0 7
9 1 26
9 2 16 0.0144998357997
9 3 14 0.0209219089251
9 4 9
9 5 6 2.24341809781e-06
9 6 2
9 7 13
9 8 7
CHOL.txt
2 0 78 6.70708976923e-06
2 1 22 3.83269085523e-18
3 0 45 3.78507918889e-08
3 1 22 3.83269085523e-18
3 2 33
4 0 22 3.83269085523e-18
4 1 36 4.18861372222e-09
4 2 33
4 3 9
5 0 8
5 1 14 5.59200496257e-22
5 2 33
5 3 9
5 4 36 4.18861372222e-09
6 0 33
6 1 14 5.59200496257e-22
6 2 6
6 3 9
6 4 36 4.18861372222e-09
6 5 2
7 0 22
7 1 14 5.59200496257e-22
7 2 11
7 3 9
7 4 36 4.18861372222e-09
7 5 2
7 6 6
8 0 14 5.59200496257e-22
8 1 36 4.18861372222e-09
8 2 11
8 3 7 0.0241343846416
8 4 15
8 5 2
8 6 6
8 7 9
9 0 36 4.18861372222e-09
9 1 15
9 2 11
9 3 7 0.0241343846416
9 4 13 9.72413551964e-20
9 5 2
9 6 6
9 7 9
SARC.txt
2 0 64 3.88273145221e-05
2 1 36 2.57011049512e-07
3 0 57 0.00652684747755
3 1 36 2.57011049512e-07
3 2 7 0.00724480188315
4 0 36 2.57011049512e-07
4 1 47 0.00362095846646
4 2 7 0.00724480188315
4 3 10
5 0 47 0.00362095846646
5 1 16 0.000435037904189
5 2 7 0.00724480188315
5 3 10
5 4 20
6 0 39 0.00204261782314
6 1 16 0.000435037904189
6 2 7 0.00724480188315
6 3 10
6 4 20
6 5 8
7 0 29
7 1 16 0.000435037904189
7 2 7 0.00724480188315
7 3 10
7 4 20
7 5 8
7 6 10 0.0245143909464
8 0 16 0.000435037904189
8 1 16 0.0275875353219
8 2 7 0.00724480188315
8 3 13 0.0312764011618
8 4 20
8 5 8
8 6 10 0.0245143909464
8 7 10
9 0 16 0.0275875353219
9 1 20
9 2 7 0.00724480188315
9 3 13 0.0312764011618
9 4 11
9 5 8
9 6 10 0.0245143909464
9 7 10
9 8 5 0.00090515267648
LIHC.txt
2 0 54
2 1 46 5.59875950093e-09
3 0 46 5.59875950093e-09
3 1 33
3 2 21 0.0196123277349
4 0 33
4 1 31 0.0202739171077
4 2 21 0.0196123277349
4 3 15 6.37040873314e-07
5 0 21 0.0196123277349
5 1 31 0.0202739171077
5 2 25
5 3 15 6.37040873314e-07
5 4 8
6 0 31 0.0202739171077
6 1 15 6.37040873314e-07
6 2 25
6 3 17 0.0100538118372
6 4 8
6 5 4
7 0 25
7 1 15 6.37040873314e-07
7 2 11
7 3 17 0.0100538118372
7 4 8
7 5 4
7 6 20
8 0 19
8 1 15 6.37040873314e-07
8 2 11
8 3 17 0.0100538118372
8 4 8
8 5 4
8 6 20
8 7 6
9 0 15 6.37040873314e-07
9 1 17 0.0100538118372
9 2 11
9 3 17
9 4 8
9 5 4
9 6 20
9 7 6
9 8 2
LUSC.txt
2 0 42 7.36708243963e-08
2 1 58
3 0 58
3 1 15 1.85416684092e-08
3 2 27 2.89908211893e-06
4 0 41
4 1 15 1.85416684092e-08
4 2 27 2.89908211893e-06
4 3 17
5 0 34
5 1 15 1.85416684092e-08
5 2 27 2.89908211893e-06
5 3 17
5 4 7
6 0 15 1.85416684092e-08
6 1 17
6 2 27 2.89908211893e-06
6 3 19
6 4 7
6 5 15
7 0 27 2.89908211893e-06
7 1 17
7 2 12 0.000886356838513
7 3 19
7 4 7
7 5 15
7 6 3 7.62929627284e-06
8 0 17
8 1 19 2.04939430618e-06
8 2 12 0.000886356838513
8 3 19
8 4 7
8 5 15
8 6 3 7.62929627284e-06
8 7 8 6.68904526331e-05
9 0 12 0.000886356838513
9 1 19 2.04939430618e-06
9 2 7
9 3 19
9 4 7
9 5 15
9 6 3 7.62929627284e-06
9 7 8 6.68904526331e-05
9 8 10
GBMLGG.txt
2 0 47 1.52632741164e-08
2 1 53 0.00155462996198
3 0 53 0.00155462996198
3 1 35 3.11123454209e-10
3 2 12
4 0 28 8.68370699995e-05
4 1 35 3.11123454209e-10
4 2 12
4 3 25 0.0230000843522
5 0 35 3.11123454209e-10
5 1 25 0.0230000843522
5 2 12
5 3 23 0.0138245259367
5 4 5 0.00511042829058
6 0 25 0.0230000843522
6 1 23 0.0138245259367
6 2 14 1.07775108769e-12
6 3 21
6 4 5 0.00511042829058
6 5 12
7 0 23 0.0193967378037
7 1 23 0.0138245259367
7 2 14 1.07775108769e-12
7 3 21
7 4 5 0.00511042829058
7 5 12
7 6 2
8 0 23 0.0138245259367
8 1 14 0.00697669225349
8 2 14 1.07775108769e-12
8 3 21
8 4 5 0.00511042829058
8 5 12
8 6 2
8 7 9
9 0 14 0.00697669225349
9 1 21
9 2 14 1.07775108769e-12
9 3 11 0.0126463439411
9 4 5 0.00511042829058
9 5 12
9 6 2
9 7 9
9 8 12
HNSC.txt
2 0 69 6.39299103478e-10
2 1 31 9.74678072213e-25
3 0 50
3 1 31 9.74678072213e-25
3 2 19 5.15644123411e-09
4 0 44
4 1 31 9.74678072213e-25
4 2 19 5.15644123411e-09
4 3 6
5 0 19 5.15644123411e-09
5 1 19 0.0101025458378
5 2 25
5 3 6
5 4 31 9.74678072213e-25
6 0 25
6 1 19 0.0101025458378
6 2 9
6 3 6
6 4 31 9.74678072213e-25
6 5 10 1.28543321923e-07
7 0 19 0.0101025458378
7 1 17
7 2 9
7 3 6
7 4 31 9.74678072213e-25
7 5 10 1.28543321923e-07
7 6 8
8 0 9
8 1 17
8 2 13
8 3 6 0.0172410890987
8 4 31 9.74678072213e-25
8 5 10 1.28543321923e-07
8 6 8
8 7 6
9 0 13
9 1 17
9 2 8
9 3 3
9 4 31 9.74678072213e-25
9 5 10 1.28543321923e-07
9 6 6
9 7 6
9 8 6 0.0172410890987
MESO.txt
2 0 56 0.00142823140047
2 1 44 0.000693112027849
3 0 36
3 1 44 0.000693112027849
3 2 20
4 0 44 0.000693112027849
4 1 30
4 2 20
4 3 6
5 0 30
5 1 40
5 2 20
5 3 6
5 4 4 5.21050528395e-09
6 0 20
6 1 40
6 2 13
6 3 6
6 4 4 5.21050528395e-09
6 5 17
7 0 40
7 1 18
7 2 13
7 3 6
7 4 4 5.21050528395e-09
7 5 17
7 6 2
8 0 26 0.0249167580482
8 1 18
8 2 13
8 3 14
8 4 4 5.21050528395e-09
8 5 17
8 6 2
8 7 6
9 0 18
9 1 17 0.0364739365241
9 2 13
9 3 14
9 4 4 5.21050528395e-09
9 5 17
9 6 2
9 7 6
9 8 9 0.00276001012226
UVM.txt
2 0 46 0.000964788195712
2 1 54
3 0 54
3 1 35 0.00017401778682
3 2 11
4 0 35 0.00017401778682
4 1 39
4 2 11
4 3 15
5 0 39
5 1 15
5 2 11
5 3 18 2.11736814528e-06
5 4 17
6 0 15
6 1 26
6 2 11
6 3 18 2.11736814528e-06
6 4 17
6 5 13
7 0 26
7 1 18 2.11736814528e-06
7 2 4
7 3 11
7 4 17
7 5 13
7 6 11
8 0 18 2.11736814528e-06
8 1 18
8 2 4
8 3 11
8 4 17
8 5 13
8 6 11
8 7 8
9 0 18
9 1 17
9 2 4
9 3 11
9 4 10
9 5 13
9 6 11
9 7 8
9 8 8 3.33908157873e-07
KIRP.txt
2 0 53 0.0311379410918
2 1 47 3.46547789508e-06
3 0 47 3.46547789508e-06
3 1 41 0.0142129794696
3 2 12
4 0 38 0.00279849318649
4 1 41 0.0142129794696
4 2 12
4 3 9
5 0 41 0.0142129794696
5 1 24
5 2 12
5 3 9
5 4 14
6 0 24
6 1 21
6 2 20 0.032782281521
6 3 9
6 4 14
6 5 12
7 0 21
7 1 9
7 2 20 0.032782281521
7 3 14
7 4 14
7 5 12
7 6 10
8 0 9
8 1 14
8 2 20 0.032782281521
8 3 14
8 4 17
8 5 12
8 6 10
8 7 4
9 0 20 0.032782281521
9 1 14
9 2 12
9 3 14
9 4 17
9 5 5
9 6 10
9 7 4
9 8 4
PRAD.txt
2 0 77 7.10698806901e-07
2 1 23 6.69914274901e-06
3 0 24 0.00167218944592
3 1 23 6.69914274901e-06
3 2 53 8.7660787722e-06
4 0 53 8.7660787722e-06
4 1 23 6.69914274901e-06
4 2 18 0.0351718187468
4 3 6 2.41760546178e-06
5 0 23 6.69914274901e-06
5 1 41 0.000677152645176
5 2 18 0.0351718187468
5 3 6 2.41760546178e-06
5 4 12
6 0 41 0.000677152645176
6 1 13
6 2 18 0.0351718187468
6 3 6 2.41760546178e-06
6 4 12
6 5 10
7 0 13
7 1 21
7 2 20 0.014427525175
7 3 6 2.41760546178e-06
7 4 12
7 5 10
7 6 18 0.0351718187468
8 0 21
8 1 8 0.00104173393157
8 2 20 0.014427525175
8 3 5
8 4 12
8 5 10
8 6 18 0.0351718187468
8 7 6 2.41760546178e-06
9 0 20 0.014427525175
9 1 8 0.00104173393157
9 2 18 0.0351718187468
9 3 12
9 4 12
9 5 10
9 6 9
9 7 6 2.41760546178e-06
9 8 5
STES.txt
2 0 56 1.80699047107e-14
2 1 44 1.8500393943e-05
3 0 26
3 1 44 1.8500393943e-05
3 2 30 1.0498001898e-13
4 0 44 1.8500393943e-05
4 1 20
4 2 30 1.0498001898e-13
4 3 6
5 0 30 1.0498001898e-13
5 1 20
5 2 34 3.59176069603e-06
5 3 6
5 4 10
6 0 20
6 1 6
6 2 34 3.59176069603e-06
6 3 22 5.50575536069e-13
6 4 10
6 5 8 2.14043841626e-07
7 0 34 3.59176069603e-06
7 1 6
7 2 14
7 3 22 5.50575536069e-13
7 4 10
7 5 8 2.14043841626e-07
7 6 6
8 0 6
8 1 28 0.000118093146657
8 2 14
8 3 22 5.50575536069e-13
8 4 10
8 5 8 2.14043841626e-07
8 6 6
8 7 6
9 0 28 0.000118093146657
9 1 10
9 2 14
9 3 22 5.50575536069e-13
9 4 3
9 5 8 2.14043841626e-07
9 6 6
9 7 6
9 8 3
KIPAN.txt
2 0 79 1.51807062514e-09
2 1 21
3 0 61 1.61242285663e-05
3 1 21
3 2 18 3.27445687731e-05
4 0 46 0.000680179502069
4 1 15
4 2 18 3.27445687731e-05
4 3 21
5 0 16 2.51198459738e-05
5 1 30 0.0222813227298
5 2 18 3.27445687731e-05
5 3 21
5 4 15
6 0 30 0.0222813227298
6 1 15
6 2 18 3.27445687731e-05
6 3 21
6 4 10 5.38400635273e-06
6 5 6
7 0 15
7 1 21
7 2 18 3.27445687731e-05
7 3 19
7 4 10 5.38400635273e-06
7 5 6
7 6 11
8 0 18 3.27445687731e-05
8 1 21
8 2 9
8 3 19
8 4 10 5.38400635273e-06
8 5 6
8 6 11
8 7 6
9 0 21
9 1 19
9 2 9
9 3 6
9 4 10 5.38400635273e-06
9 5 6
9 6 11
9 7 8 0.00886703434953
9 8 10
KICH.txt
2 0 48
2 1 52 0.00996290812679
3 0 52 0.00996290812679
3 1 33
3 2 15
4 0 44 0.0176446515573
4 1 33
4 2 15
4 3 8
5 0 33
5 1 20
5 2 15
5 3 8
5 4 24 0.00429788254022
6 0 20
6 1 19
6 2 15
6 3 8
6 4 24 0.00429788254022
6 5 14
7 0 15
7 1 19
7 2 14
7 3 8
7 4 24 0.00429788254022
7 5 10
7 6 10
8 0 19
8 1 24 0.00429788254022
8 2 14
8 3 3
8 4 12
8 5 10
8 6 10
8 7 8
9 0 24 0.00429788254022
9 1 12
9 2 14
9 3 3
9 4 11
9 5 10
9 6 10
9 7 8
9 8 8
LAML.txt
2 0 89 1.1647865686e-05
2 1 11
3 0 40 8.53409706215e-05
3 1 11
3 2 49
4 0 22 0.000820453507107
4 1 18 3.67511007065e-07
4 2 49
4 3 11
5 0 49
5 1 18 3.67511007065e-07
5 2 11 0.000406198097517
5 3 11
5 4 11
6 0 18 3.67511007065e-07
6 1 21
6 2 28
6 3 11
6 4 11
6 5 11 0.000406198097517
7 0 21
7 1 9
7 2 28
7 3 11
7 4 11
7 5 11 0.000406198097517
7 6 9 4.38437418574e-10
8 0 9
8 1 11
8 2 28
8 3 10 0.00109310037154
8 4 11
8 5 11 0.000406198097517
8 6 9 4.38437418574e-10
8 7 11
9 0 28
9 1 11
9 2 11 0.000406198097517
9 3 10 0.00109310037154
9 4 11
9 5 8
9 6 9 4.38437418574e-10
9 7 11
